Using pre-set license
Built from '2021.3/staging' branch; Version is '2021.3.18f1 (3129e69bc0c7) revision 3221990'; Using compiler version '192829333'; Build Type 'Release'
OS: 'Windows 10  (10.0.19042) 64bit Professional' Language: 'ru' Physical Memory: 16253 MB
BatchMode: 1, IsHumanControllingUs: 0, StartBugReporterOnCrash: 0, Is64bit: 1, IsPro: 1

COMMAND LINE ARGUMENTS:
C:\Program Files\Unity\Hub\Editor\2021.3.18f1\Editor\Unity.exe
-adb2
-batchMode
-noUpm
-name
AssetImportWorker0
-projectPath
C:/Users/rrrri/15
-logFile
Logs/AssetImportWorker0.log
-srvPort
3692
Successfully changed project path to: C:/Users/rrrri/15
C:/Users/rrrri/15
[UnityMemory] Configuration Parameters - Can be set up in boot.config
    "memorysetup-bucket-allocator-granularity=16"
    "memorysetup-bucket-allocator-bucket-count=8"
    "memorysetup-bucket-allocator-block-size=33554432"
    "memorysetup-bucket-allocator-block-count=8"
    "memorysetup-main-allocator-block-size=16777216"
    "memorysetup-thread-allocator-block-size=16777216"
    "memorysetup-gfx-main-allocator-block-size=16777216"
    "memorysetup-gfx-thread-allocator-block-size=16777216"
    "memorysetup-cache-allocator-block-size=4194304"
    "memorysetup-typetree-allocator-block-size=2097152"
    "memorysetup-profiler-bucket-allocator-granularity=16"
    "memorysetup-profiler-bucket-allocator-bucket-count=8"
    "memorysetup-profiler-bucket-allocator-block-size=33554432"
    "memorysetup-profiler-bucket-allocator-block-count=8"
    "memorysetup-profiler-allocator-block-size=16777216"
    "memorysetup-profiler-editor-allocator-block-size=1048576"
    "memorysetup-temp-allocator-size-main=16777216"
    "memorysetup-job-temp-allocator-block-size=2097152"
    "memorysetup-job-temp-allocator-block-size-background=1048576"
    "memorysetup-job-temp-allocator-reduction-small-platforms=262144"
    "memorysetup-temp-allocator-size-background-worker=32768"
    "memorysetup-temp-allocator-size-job-worker=262144"
    "memorysetup-temp-allocator-size-preload-manager=33554432"
    "memorysetup-temp-allocator-size-nav-mesh-worker=65536"
    "memorysetup-temp-allocator-size-audio-worker=65536"
    "memorysetup-temp-allocator-size-cloud-worker=32768"
    "memorysetup-temp-allocator-size-gi-baking-worker=262144"
    "memorysetup-temp-allocator-size-gfx=262144"
Player connection [25844] Host "[IP] 192.168.0.101 [Port] 0 [Flags] 2 [Guid] 2768094614 [EditorId] 2768094614 [Version] 1048832 [Id] WindowsEditor(7,DESKTOP-U5TAP9Q) [Debug] 1 [PackageName] WindowsEditor [ProjectName] Editor" joined multi-casting on [225.0.0.222:54997]...

Player connection [25844] Host "[IP] 192.168.0.101 [Port] 0 [Flags] 2 [Guid] 2768094614 [EditorId] 2768094614 [Version] 1048832 [Id] WindowsEditor(7,DESKTOP-U5TAP9Q) [Debug] 1 [PackageName] WindowsEditor [ProjectName] Editor" joined alternative multi-casting on [225.0.0.222:34997]...

Refreshing native plugins compatible for Editor in 78.78 ms, found 3 plugins.
Preloading 0 native plugins for Editor in 0.00 ms.
Initialize engine version: 2021.3.18f1 (3129e69bc0c7)
[Subsystems] Discovering subsystems at path C:/Program Files/Unity/Hub/Editor/2021.3.18f1/Editor/Data/Resources/UnitySubsystems
[Subsystems] Discovering subsystems at path C:/Users/rrrri/15/Assets
GfxDevice: creating device client; threaded=0; jobified=0
Direct3D:
    Version:  Direct3D 11.0 [level 11.1]
    Renderer: NVIDIA GeForce GTX 1060 3GB (ID=0x1c02)
    Vendor:   NVIDIA
    VRAM:     2988 MB
    Driver:   27.21.14.5671
Initialize mono
Mono path[0] = 'C:/Program Files/Unity/Hub/Editor/2021.3.18f1/Editor/Data/Managed'
Mono path[1] = 'C:/Program Files/Unity/Hub/Editor/2021.3.18f1/Editor/Data/MonoBleedingEdge/lib/mono/unityjit-win32'
Mono config path = 'C:/Program Files/Unity/Hub/Editor/2021.3.18f1/Editor/Data/MonoBleedingEdge/etc'
Using monoOptions --debugger-agent=transport=dt_socket,embedding=1,server=y,suspend=n,address=127.0.0.1:56836
Begin MonoManager ReloadAssembly
Registering precompiled unity dll's ...
Register platform support module: C:/Program Files/Unity/Hub/Editor/2021.3.18f1/Editor/Data/PlaybackEngines/WebGLSupport/UnityEditor.WebGL.Extensions.dll
Register platform support module: C:/Program Files/Unity/Hub/Editor/2021.3.18f1/Editor/Data/PlaybackEngines/AndroidPlayer/UnityEditor.Android.Extensions.dll
Register platform support module: C:/Program Files/Unity/Hub/Editor/2021.3.18f1/Editor/Data/PlaybackEngines/iOSSupport/UnityEditor.iOS.Extensions.dll
Register platform support module: C:/Program Files/Unity/Hub/Editor/2021.3.18f1/Editor/Data/PlaybackEngines/WindowsStandaloneSupport/UnityEditor.WindowsStandalone.Extensions.dll
Registered in 0.007646 seconds.
Native extension for WindowsStandalone target not found
[usbmuxd] Start listen thread
[usbmuxd] Listen thread started
[usbmuxd] Send listen message
Native extension for iOS target not found
Native extension for Android target not found
Android Extension - Scanning For ADB Devices 220 ms
Native extension for WebGL target not found
Refreshing native plugins compatible for Editor in 77.96 ms, found 3 plugins.
Preloading 0 native plugins for Editor in 0.00 ms.
Mono: successfully reloaded assembly
- Completed reload, in  0.918 seconds
Domain Reload Profiling:
	ReloadAssembly (919ms)
		BeginReloadAssembly (78ms)
			ExecutionOrderSort (0ms)
			DisableScriptedObjects (0ms)
			BackupInstance (0ms)
			ReleaseScriptingObjects (0ms)
			CreateAndSetChildDomain (1ms)
		EndReloadAssembly (725ms)
			LoadAssemblies (78ms)
			RebuildTransferFunctionScriptingTraits (0ms)
			SetupTypeCache (115ms)
			ReleaseScriptCaches (0ms)
			RebuildScriptCaches (31ms)
			SetupLoadedEditorAssemblies (522ms)
				LogAssemblyErrors (0ms)
				InitializePlatformSupportModulesInManaged (314ms)
				SetLoadedEditorAssemblies (0ms)
				RefreshPlugins (78ms)
				BeforeProcessingInitializeOnLoad (1ms)
				ProcessInitializeOnLoadAttributes (87ms)
				ProcessInitializeOnLoadMethodAttributes (41ms)
				AfterProcessingInitializeOnLoad (0ms)
				EditorAssembliesLoaded (0ms)
			ExecutionOrderSort2 (0ms)
			AwakeInstancesAfterBackupRestoration (0ms)
Platform modules already initialized, skipping
Registering precompiled user dll's ...
Registered in 0.003569 seconds.
Begin MonoManager ReloadAssembly
Symbol file LoadedFromMemory doesn't match image C:\Users\rrrri\15\Library\PackageCache\com.unity.visualscripting@1.8.0\Editor\VisualScripting.Core\Dependencies\YamlDotNet\Unity.VisualScripting.YamlDotNet.dll
Symbol file LoadedFromMemory doesn't match image C:\Users\rrrri\15\Library\PackageCache\com.unity.visualscripting@1.8.0\Editor\VisualScripting.Core\Dependencies\DotNetZip\Unity.VisualScripting.IonicZip.dll
Native extension for WindowsStandalone target not found
Native extension for iOS target not found
Native extension for Android target not found
Native extension for WebGL target not found
Refreshing native plugins compatible for Editor in 0.43 ms, found 3 plugins.
Preloading 0 native plugins for Editor in 0.00 ms.
Mono: successfully reloaded assembly
- Completed reload, in  0.954 seconds
Domain Reload Profiling:
	ReloadAssembly (955ms)
		BeginReloadAssembly (111ms)
			ExecutionOrderSort (0ms)
			DisableScriptedObjects (6ms)
			BackupInstance (0ms)
			ReleaseScriptingObjects (0ms)
			CreateAndSetChildDomain (19ms)
		EndReloadAssembly (732ms)
			LoadAssemblies (79ms)
			RebuildTransferFunctionScriptingTraits (0ms)
			SetupTypeCache (218ms)
			ReleaseScriptCaches (1ms)
			RebuildScriptCaches (50ms)
			SetupLoadedEditorAssemblies (340ms)
				LogAssemblyErrors (0ms)
				InitializePlatformSupportModulesInManaged (28ms)
				SetLoadedEditorAssemblies (0ms)
				RefreshPlugins (0ms)
				BeforeProcessingInitializeOnLoad (75ms)
				ProcessInitializeOnLoadAttributes (210ms)
				ProcessInitializeOnLoadMethodAttributes (18ms)
				AfterProcessingInitializeOnLoad (7ms)
				EditorAssembliesLoaded (0ms)
			ExecutionOrderSort2 (0ms)
			AwakeInstancesAfterBackupRestoration (5ms)
Platform modules already initialized, skipping
========================================================================
Worker process is ready to serve import requests
Launched and connected shader compiler UnityShaderCompiler.exe after 0.04 seconds
Refreshing native plugins compatible for Editor in 0.76 ms, found 3 plugins.
Preloading 0 native plugins for Editor in 0.00 ms.
Unloading 2975 Unused Serialized files (Serialized files now loaded: 0)
Unloading 22 unused Assets / (87.9 KB). Loaded Objects now: 3439.
Memory consumption went from 106.5 MB to 106.4 MB.
Total: 2.659000 ms (FindLiveObjects: 0.240400 ms CreateObjectMapping: 0.179200 ms MarkObjects: 2.143700 ms  DeleteObjects: 0.094900 ms)

AssetImportParameters requested are different than current active one (requested -> active):
  custom:video-decoder-ogg-theora: a1e56fd34408186e4bbccfd4996cb3dc -> 
  custom:container-muxer-webm: aa71ff27fc2769a1b78a27578f13a17b -> 
  custom:container-demuxer-webm: 4f35f7cbe854078d1ac9338744f61a02 -> 
  custom:video-encoder-webm-vp8: eb34c28f22e8b96e1ab97ce403110664 -> 
  custom:audio-encoder-webm-vorbis: bf7c407c2cedff20999df2af8eb42d56 -> 
  custom:framework-win-MediaFoundation: 216162199b28c13a410421893ffa2e32 -> 
  custom:container-demuxer-ogg: 62fdf1f143b41e24485cea50d1cbac27 -> 
  custom:video-decoder-webm-vp8: 9c59270c3fd7afecdb556c50c9e8de78 -> 
  custom:audio-decoder-ogg-vorbis: bf7c407c2cedff20999df2af8eb42d56 -> 
========================================================================
Received Import Request.
  Time since last request: 324675.569698 seconds.
  path: Packages/com.unity.ide.visualstudio
  artifactKey: Guid(9db636ca49aa246019dd93b7c8b689f4) Importer(815301076,1909f56bfc062723c751e8b465ee728b)
Start importing Packages/com.unity.ide.visualstudio using Guid(9db636ca49aa246019dd93b7c8b689f4) Importer(815301076,1909f56bfc062723c751e8b465ee728b)  -> (artifact id: '295f79e1a9a474ca163bd91a7aba5bef') in 0.011352 seconds 
========================================================================
Received Import Request.
  Time since last request: 2.979379 seconds.
  path: Packages/com.unity.ide.vscode
  artifactKey: Guid(1c61a04a5b7737c4d16673d64be4194e) Importer(815301076,1909f56bfc062723c751e8b465ee728b)
Start importing Packages/com.unity.ide.vscode using Guid(1c61a04a5b7737c4d16673d64be4194e) Importer(815301076,1909f56bfc062723c751e8b465ee728b)  -> (artifact id: 'e94248d05651707ad8c86b4532d5ae2b') in 0.007494 seconds 
========================================================================
Received Import Request.
  Time since last request: 2.223687 seconds.
  path: Assets/Audio/Neverland(chosic.com).mp3
  artifactKey: Guid(4f9dee7ea0f1b774791fe164a55bcc27) Importer(815301076,1909f56bfc062723c751e8b465ee728b)
Start importing Assets/Audio/Neverland(chosic.com).mp3 using Guid(4f9dee7ea0f1b774791fe164a55bcc27) Importer(815301076,1909f56bfc062723c751e8b465ee728b)  -> (artifact id: '805e474c2aa3fbb867efad5811784194') in 0.140653 seconds 
========================================================================
Received Import Request.
  Time since last request: 11.351352 seconds.
  path: Assets/Prefabs/Square.prefab
  artifactKey: Guid(37f3d5424631b60469a8d001d2cd93e4) Importer(815301076,1909f56bfc062723c751e8b465ee728b)
Start importing Assets/Prefabs/Square.prefab using Guid(37f3d5424631b60469a8d001d2cd93e4) Importer(815301076,1909f56bfc062723c751e8b465ee728b)  -> (artifact id: '8523d9d27bfe25ddab115d9e7af7f94e') in 0.037532 seconds 
========================================================================
Received Import Request.
  Time since last request: 1.127746 seconds.
  path: Assets/Prefabs/Square.prefab
  artifactKey: Guid(37f3d5424631b60469a8d001d2cd93e4) Importer(815301076,1909f56bfc062723c751e8b465ee728b)
Start importing Assets/Prefabs/Square.prefab using Guid(37f3d5424631b60469a8d001d2cd93e4) Importer(815301076,1909f56bfc062723c751e8b465ee728b)  -> (artifact id: '48fac1fbe763ef4eeb17eb69745a8831') in 0.012388 seconds 
========================================================================
Received Import Request.
  Time since last request: 1.394609 seconds.
  path: Assets/Prefabs/Square.prefab
  artifactKey: Guid(37f3d5424631b60469a8d001d2cd93e4) Importer(815301076,1909f56bfc062723c751e8b465ee728b)
Start importing Assets/Prefabs/Square.prefab using Guid(37f3d5424631b60469a8d001d2cd93e4) Importer(815301076,1909f56bfc062723c751e8b465ee728b)  -> (artifact id: '0c1d481d032e70bceb3445a179897a00') in 0.011838 seconds 
========================================================================
Received Import Request.
  Time since last request: 7.092437 seconds.
  path: Assets/Prefabs/Square.prefab
  artifactKey: Guid(37f3d5424631b60469a8d001d2cd93e4) Importer(815301076,1909f56bfc062723c751e8b465ee728b)
Start importing Assets/Prefabs/Square.prefab using Guid(37f3d5424631b60469a8d001d2cd93e4) Importer(815301076,1909f56bfc062723c751e8b465ee728b)  -> (artifact id: '7ccced58183b35691707e913d200c0e4') in 0.009466 seconds 
========================================================================
Received Import Request.
  Time since last request: 2.428221 seconds.
  path: Assets/Prefabs/Square.prefab
  artifactKey: Guid(37f3d5424631b60469a8d001d2cd93e4) Importer(815301076,1909f56bfc062723c751e8b465ee728b)
Start importing Assets/Prefabs/Square.prefab using Guid(37f3d5424631b60469a8d001d2cd93e4) Importer(815301076,1909f56bfc062723c751e8b465ee728b)  -> (artifact id: '01ff850ff9f8ba647d610d32cd7e78d8') in 0.010299 seconds 
========================================================================
Received Import Request.
  Time since last request: 21.813915 seconds.
  path: Assets/Prefabs/Square.prefab
  artifactKey: Guid(37f3d5424631b60469a8d001d2cd93e4) Importer(815301076,1909f56bfc062723c751e8b465ee728b)
Start importing Assets/Prefabs/Square.prefab using Guid(37f3d5424631b60469a8d001d2cd93e4) Importer(815301076,1909f56bfc062723c751e8b465ee728b)  -> (artifact id: '682c3f1b75422d580cdeea274d075cd5') in 0.010996 seconds 
========================================================================
Received Import Request.
  Time since last request: 2.629832 seconds.
  path: Assets/Prefabs/Square.prefab
  artifactKey: Guid(37f3d5424631b60469a8d001d2cd93e4) Importer(815301076,1909f56bfc062723c751e8b465ee728b)
Start importing Assets/Prefabs/Square.prefab using Guid(37f3d5424631b60469a8d001d2cd93e4) Importer(815301076,1909f56bfc062723c751e8b465ee728b)  -> (artifact id: 'd7c3ca92be4dd0b7cc88959ac7d2155b') in 0.007175 seconds 
========================================================================
Received Prepare
Registering precompiled user dll's ...
Registered in 0.004206 seconds.
Begin MonoManager ReloadAssembly
Symbol file LoadedFromMemory doesn't match image C:\Users\rrrri\15\Library\PackageCache\com.unity.visualscripting@1.8.0\Editor\VisualScripting.Core\Dependencies\YamlDotNet\Unity.VisualScripting.YamlDotNet.dll
Symbol file LoadedFromMemory doesn't match image C:\Users\rrrri\15\Library\PackageCache\com.unity.visualscripting@1.8.0\Editor\VisualScripting.Core\Dependencies\DotNetZip\Unity.VisualScripting.IonicZip.dll
Native extension for WindowsStandalone target not found
Native extension for iOS target not found
Native extension for Android target not found
Native extension for WebGL target not found
Refreshing native plugins compatible for Editor in 0.51 ms, found 3 plugins.
Preloading 0 native plugins for Editor in 0.00 ms.
Mono: successfully reloaded assembly
- Completed reload, in  0.976 seconds
Domain Reload Profiling:
	ReloadAssembly (976ms)
		BeginReloadAssembly (120ms)
			ExecutionOrderSort (0ms)
			DisableScriptedObjects (5ms)
			BackupInstance (0ms)
			ReleaseScriptingObjects (0ms)
			CreateAndSetChildDomain (32ms)
		EndReloadAssembly (755ms)
			LoadAssemblies (75ms)
			RebuildTransferFunctionScriptingTraits (0ms)
			SetupTypeCache (241ms)
			ReleaseScriptCaches (1ms)
			RebuildScriptCaches (41ms)
			SetupLoadedEditorAssemblies (328ms)
				LogAssemblyErrors (0ms)
				InitializePlatformSupportModulesInManaged (44ms)
				SetLoadedEditorAssemblies (0ms)
				RefreshPlugins (1ms)
				BeforeProcessingInitializeOnLoad (62ms)
				ProcessInitializeOnLoadAttributes (196ms)
				ProcessInitializeOnLoadMethodAttributes (18ms)
				AfterProcessingInitializeOnLoad (7ms)
				EditorAssembliesLoaded (0ms)
			ExecutionOrderSort2 (0ms)
			AwakeInstancesAfterBackupRestoration (5ms)
Platform modules already initialized, skipping
Refreshing native plugins compatible for Editor in 2.16 ms, found 3 plugins.
Preloading 0 native plugins for Editor in 0.00 ms.
Unloading 2994 Unused Serialized files (Serialized files now loaded: 0)
Unloading 21 unused Assets / (61.3 KB). Loaded Objects now: 3493.
Memory consumption went from 110.8 MB to 110.8 MB.
Total: 2.384700 ms (FindLiveObjects: 0.220000 ms CreateObjectMapping: 0.125100 ms MarkObjects: 1.921700 ms  DeleteObjects: 0.116500 ms)

AssetImportParameters requested are different than current active one (requested -> active):
  custom:video-decoder-ogg-theora: a1e56fd34408186e4bbccfd4996cb3dc -> 
  custom:container-muxer-webm: aa71ff27fc2769a1b78a27578f13a17b -> 
  custom:container-demuxer-webm: 4f35f7cbe854078d1ac9338744f61a02 -> 
  custom:video-encoder-webm-vp8: eb34c28f22e8b96e1ab97ce403110664 -> 
  custom:audio-encoder-webm-vorbis: bf7c407c2cedff20999df2af8eb42d56 -> 
  custom:framework-win-MediaFoundation: 216162199b28c13a410421893ffa2e32 -> 
  custom:container-demuxer-ogg: 62fdf1f143b41e24485cea50d1cbac27 -> 
  custom:video-decoder-webm-vp8: 9c59270c3fd7afecdb556c50c9e8de78 -> 
  custom:audio-decoder-ogg-vorbis: bf7c407c2cedff20999df2af8eb42d56 -> 
========================================================================
Received Prepare
Registering precompiled user dll's ...
Registered in 0.003487 seconds.
Begin MonoManager ReloadAssembly
Symbol file LoadedFromMemory doesn't match image C:\Users\rrrri\15\Library\PackageCache\com.unity.visualscripting@1.8.0\Editor\VisualScripting.Core\Dependencies\YamlDotNet\Unity.VisualScripting.YamlDotNet.dll
Symbol file LoadedFromMemory doesn't match image C:\Users\rrrri\15\Library\PackageCache\com.unity.visualscripting@1.8.0\Editor\VisualScripting.Core\Dependencies\DotNetZip\Unity.VisualScripting.IonicZip.dll
Native extension for WindowsStandalone target not found
Native extension for iOS target not found
Native extension for Android target not found
Native extension for WebGL target not found
Refreshing native plugins compatible for Editor in 0.57 ms, found 3 plugins.
Preloading 0 native plugins for Editor in 0.00 ms.
Mono: successfully reloaded assembly
- Completed reload, in  1.001 seconds
Domain Reload Profiling:
	ReloadAssembly (1002ms)
		BeginReloadAssembly (125ms)
			ExecutionOrderSort (0ms)
			DisableScriptedObjects (6ms)
			BackupInstance (0ms)
			ReleaseScriptingObjects (0ms)
			CreateAndSetChildDomain (35ms)
		EndReloadAssembly (780ms)
			LoadAssemblies (75ms)
			RebuildTransferFunctionScriptingTraits (0ms)
			SetupTypeCache (219ms)
			ReleaseScriptCaches (1ms)
			RebuildScriptCaches (50ms)
			SetupLoadedEditorAssemblies (356ms)
				LogAssemblyErrors (0ms)
				InitializePlatformSupportModulesInManaged (44ms)
				SetLoadedEditorAssemblies (1ms)
				RefreshPlugins (1ms)
				BeforeProcessingInitializeOnLoad (69ms)
				ProcessInitializeOnLoadAttributes (210ms)
				ProcessInitializeOnLoadMethodAttributes (23ms)
				AfterProcessingInitializeOnLoad (9ms)
				EditorAssembliesLoaded (0ms)
			ExecutionOrderSort2 (0ms)
			AwakeInstancesAfterBackupRestoration (6ms)
Platform modules already initialized, skipping
Refreshing native plugins compatible for Editor in 1.83 ms, found 3 plugins.
Preloading 0 native plugins for Editor in 0.00 ms.
Unloading 2994 Unused Serialized files (Serialized files now loaded: 0)
Unloading 15 unused Assets / (54.3 KB). Loaded Objects now: 3496.
Memory consumption went from 110.8 MB to 110.8 MB.
Total: 2.488200 ms (FindLiveObjects: 0.229700 ms CreateObjectMapping: 0.188700 ms MarkObjects: 2.006500 ms  DeleteObjects: 0.062000 ms)

AssetImportParameters requested are different than current active one (requested -> active):
  custom:video-decoder-ogg-theora: a1e56fd34408186e4bbccfd4996cb3dc -> 
  custom:container-muxer-webm: aa71ff27fc2769a1b78a27578f13a17b -> 
  custom:container-demuxer-webm: 4f35f7cbe854078d1ac9338744f61a02 -> 
  custom:video-encoder-webm-vp8: eb34c28f22e8b96e1ab97ce403110664 -> 
  custom:audio-encoder-webm-vorbis: bf7c407c2cedff20999df2af8eb42d56 -> 
  custom:framework-win-MediaFoundation: 216162199b28c13a410421893ffa2e32 -> 
  custom:container-demuxer-ogg: 62fdf1f143b41e24485cea50d1cbac27 -> 
  custom:video-decoder-webm-vp8: 9c59270c3fd7afecdb556c50c9e8de78 -> 
  custom:audio-decoder-ogg-vorbis: bf7c407c2cedff20999df2af8eb42d56 -> 
========================================================================
Received Import Request.
  Time since last request: 172.394023 seconds.
  path: Assets/Prefabs/Square.prefab
  artifactKey: Guid(37f3d5424631b60469a8d001d2cd93e4) Importer(815301076,1909f56bfc062723c751e8b465ee728b)
Start importing Assets/Prefabs/Square.prefab using Guid(37f3d5424631b60469a8d001d2cd93e4) Importer(815301076,1909f56bfc062723c751e8b465ee728b)  -> (artifact id: 'c3d3cdcc6086e19b6738ddfbe9c68a43') in 0.028801 seconds 
========================================================================
Received Import Request.
  Time since last request: 17.866578 seconds.
  path: Assets/Prefabs/Square.prefab
  artifactKey: Guid(37f3d5424631b60469a8d001d2cd93e4) Importer(815301076,1909f56bfc062723c751e8b465ee728b)
Start importing Assets/Prefabs/Square.prefab using Guid(37f3d5424631b60469a8d001d2cd93e4) Importer(815301076,1909f56bfc062723c751e8b465ee728b)  -> (artifact id: '39472350b910216e527b760c37e4828e') in 0.042972 seconds 
========================================================================
Received Import Request.
  Time since last request: 7.378838 seconds.
  path: Assets/Prefabs/Square.prefab
  artifactKey: Guid(37f3d5424631b60469a8d001d2cd93e4) Importer(815301076,1909f56bfc062723c751e8b465ee728b)
Start importing Assets/Prefabs/Square.prefab using Guid(37f3d5424631b60469a8d001d2cd93e4) Importer(815301076,1909f56bfc062723c751e8b465ee728b)  -> (artifact id: '37a069817b7616badbdc1006179e1297') in 0.007202 seconds 
========================================================================
Received Import Request.
  Time since last request: 4.832504 seconds.
  path: Assets/Prefabs/Square.prefab
  artifactKey: Guid(37f3d5424631b60469a8d001d2cd93e4) Importer(815301076,1909f56bfc062723c751e8b465ee728b)
Start importing Assets/Prefabs/Square.prefab using Guid(37f3d5424631b60469a8d001d2cd93e4) Importer(815301076,1909f56bfc062723c751e8b465ee728b)  -> (artifact id: '0a74544d61037c9fbff57c4f71f94835') in 0.011517 seconds 
========================================================================
Received Import Request.
  Time since last request: 10.855556 seconds.
  path: Assets/Prefabs/Square.prefab
  artifactKey: Guid(37f3d5424631b60469a8d001d2cd93e4) Importer(815301076,1909f56bfc062723c751e8b465ee728b)
Start importing Assets/Prefabs/Square.prefab using Guid(37f3d5424631b60469a8d001d2cd93e4) Importer(815301076,1909f56bfc062723c751e8b465ee728b)  -> (artifact id: 'c24d7d9e8e44e5720456adb778ff366e') in 0.007557 seconds 
========================================================================
Received Import Request.
  Time since last request: 3.209812 seconds.
  path: Assets/Prefabs/Square.prefab
  artifactKey: Guid(37f3d5424631b60469a8d001d2cd93e4) Importer(815301076,1909f56bfc062723c751e8b465ee728b)
Start importing Assets/Prefabs/Square.prefab using Guid(37f3d5424631b60469a8d001d2cd93e4) Importer(815301076,1909f56bfc062723c751e8b465ee728b)  -> (artifact id: '871f06324235202319a6355de97bd71b') in 0.007709 seconds 
========================================================================
Received Import Request.
  Time since last request: 16.589123 seconds.
  path: Packages/com.unity.2d.sprite/package.json
  artifactKey: Guid(7dc5f1e5d04ac8549ac21802071e983b) Importer(815301076,1909f56bfc062723c751e8b465ee728b)
Start importing Packages/com.unity.2d.sprite/package.json using Guid(7dc5f1e5d04ac8549ac21802071e983b) Importer(815301076,1909f56bfc062723c751e8b465ee728b)  -> (artifact id: '5ab794777eb78032da916509d57055a4') in 0.018890 seconds 
========================================================================
Received Import Request.
  Time since last request: 2.151108 seconds.
  path: Packages/com.unity.2d.sprite/Editor
  artifactKey: Guid(16fa2ad734f422245b86558310973ad1) Importer(815301076,1909f56bfc062723c751e8b465ee728b)
Start importing Packages/com.unity.2d.sprite/Editor using Guid(16fa2ad734f422245b86558310973ad1) Importer(815301076,1909f56bfc062723c751e8b465ee728b)  -> (artifact id: 'bd437c9f89dba141f94ea432dcfd6a45') in 0.007849 seconds 
========================================================================
Received Import Request.
  Time since last request: 0.016265 seconds.
  path: Packages/com.unity.2d.sprite/Editor/Unity.2D.Sprite.Editor.asmdef
  artifactKey: Guid(2c573e6b271651846a79655161004c5b) Importer(815301076,1909f56bfc062723c751e8b465ee728b)
Start importing Packages/com.unity.2d.sprite/Editor/Unity.2D.Sprite.Editor.asmdef using Guid(2c573e6b271651846a79655161004c5b) Importer(815301076,1909f56bfc062723c751e8b465ee728b)  -> (artifact id: 'f3790e1b7128df616aee81a57c727731') in 0.008397 seconds 
========================================================================
Received Import Request.
  Time since last request: 1.933050 seconds.
  path: Packages/com.unity.2d.sprite/Editor/ObjectMenuCreation
  artifactKey: Guid(ffc051df01eb64128a79b31b97748c4c) Importer(815301076,1909f56bfc062723c751e8b465ee728b)
Start importing Packages/com.unity.2d.sprite/Editor/ObjectMenuCreation using Guid(ffc051df01eb64128a79b31b97748c4c) Importer(815301076,1909f56bfc062723c751e8b465ee728b)  -> (artifact id: '4f4c838f2f4fcb4e9618556b4ffe4b74') in 0.006580 seconds 
========================================================================
Received Import Request.
  Time since last request: 0.965193 seconds.
  path: Packages/com.unity.2d.sprite/Editor/Obsolete
  artifactKey: Guid(d7603d8ffa5544462bb484acfc33c9d4) Importer(815301076,1909f56bfc062723c751e8b465ee728b)
Start importing Packages/com.unity.2d.sprite/Editor/Obsolete using Guid(d7603d8ffa5544462bb484acfc33c9d4) Importer(815301076,1909f56bfc062723c751e8b465ee728b)  -> (artifact id: 'fd7b3ba7ae7e5a4f9482f2edc794ca15') in 0.007784 seconds 
========================================================================
Received Import Request.
  Time since last request: 0.413007 seconds.
  path: Packages/com.unity.2d.sprite/Editor/ShapeEditor
  artifactKey: Guid(ccbbef892d435144aa8a0f9fd5ccee51) Importer(815301076,1909f56bfc062723c751e8b465ee728b)
Start importing Packages/com.unity.2d.sprite/Editor/ShapeEditor using Guid(ccbbef892d435144aa8a0f9fd5ccee51) Importer(815301076,1909f56bfc062723c751e8b465ee728b)  -> (artifact id: 'ea4405c63dce833e9d194c1dd22d196e') in 0.006883 seconds 
========================================================================
Received Import Request.
  Time since last request: 0.366613 seconds.
  path: Packages/com.unity.2d.sprite/Editor/SpriteEditor
  artifactKey: Guid(d32377b23cb0c8b46a545d7014fff425) Importer(815301076,1909f56bfc062723c751e8b465ee728b)
Start importing Packages/com.unity.2d.sprite/Editor/SpriteEditor using Guid(d32377b23cb0c8b46a545d7014fff425) Importer(815301076,1909f56bfc062723c751e8b465ee728b)  -> (artifact id: '0ca6ba6cbe7b2948cb05011faf50aed9') in 0.008941 seconds 
========================================================================
Received Import Request.
  Time since last request: 0.381695 seconds.
  path: Packages/com.unity.2d.sprite/Editor/SpriteEditorModule
  artifactKey: Guid(ab4bbc8deeeb005438fa5034a454be7b) Importer(815301076,1909f56bfc062723c751e8b465ee728b)
Start importing Packages/com.unity.2d.sprite/Editor/SpriteEditorModule using Guid(ab4bbc8deeeb005438fa5034a454be7b) Importer(815301076,1909f56bfc062723c751e8b465ee728b)  -> (artifact id: '85ec0f48b321bb5f83efe495e8806316') in 0.009085 seconds 
========================================================================
Received Import Request.
  Time since last request: 1.428654 seconds.
  path: Packages/com.unity.2d.sprite/Editor/UI
  artifactKey: Guid(93511675f113bf744a830b91761ead82) Importer(815301076,1909f56bfc062723c751e8b465ee728b)
Start importing Packages/com.unity.2d.sprite/Editor/UI using Guid(93511675f113bf744a830b91761ead82) Importer(815301076,1909f56bfc062723c751e8b465ee728b)  -> (artifact id: '25086423907e678a4b290db4965546d0') in 0.008062 seconds 
========================================================================
Received Import Request.
  Time since last request: 1.182260 seconds.
  path: Packages/com.unity.2d.sprite/Editor/UI/SpriteEditor
  artifactKey: Guid(b8f7402084fe2cf4d884952adeac1114) Importer(815301076,1909f56bfc062723c751e8b465ee728b)
Start importing Packages/com.unity.2d.sprite/Editor/UI/SpriteEditor using Guid(b8f7402084fe2cf4d884952adeac1114) Importer(815301076,1909f56bfc062723c751e8b465ee728b)  -> (artifact id: '9468ccd4cd6aa84fb764c93622263831') in 0.002043 seconds 
========================================================================
Received Import Request.
  Time since last request: 0.046675 seconds.
  path: Packages/com.unity.2d.sprite/Editor/UI/SpriteEditor/PolygonChangeShapeWindow.uxml
  artifactKey: Guid(ad9baf3ac3e35c948bf6a50e91e91473) Importer(815301076,1909f56bfc062723c751e8b465ee728b)
Start importing Packages/com.unity.2d.sprite/Editor/UI/SpriteEditor/PolygonChangeShapeWindow.uxml using Guid(ad9baf3ac3e35c948bf6a50e91e91473) Importer(815301076,1909f56bfc062723c751e8b465ee728b)  -> (artifact id: '610fc864be1878fe81ab1678f566f734') in 0.012915 seconds 
========================================================================
Received Import Request.
  Time since last request: 0.000016 seconds.
  path: Packages/com.unity.2d.sprite/Editor/UI/SpriteEditor/SpriteFrameModuleInspector.uxml
  artifactKey: Guid(d02b5650e6e0b4c45ab18d5a1d1fce97) Importer(815301076,1909f56bfc062723c751e8b465ee728b)
Start importing Packages/com.unity.2d.sprite/Editor/UI/SpriteEditor/SpriteFrameModuleInspector.uxml using Guid(d02b5650e6e0b4c45ab18d5a1d1fce97) Importer(815301076,1909f56bfc062723c751e8b465ee728b)  -> (artifact id: '2c823c981eafc4dd747727db7ab6bccc') in 0.012401 seconds 
========================================================================
Received Import Request.
  Time since last request: 3.980235 seconds.
  path: Packages/com.unity.2d.sprite/Tests
  artifactKey: Guid(7e2656e167a517b4d8552ba38f4b7bbe) Importer(815301076,1909f56bfc062723c751e8b465ee728b)
Start importing Packages/com.unity.2d.sprite/Tests using Guid(7e2656e167a517b4d8552ba38f4b7bbe) Importer(815301076,1909f56bfc062723c751e8b465ee728b)  -> (artifact id: 'f7c6859cf1edc8e4852596bc9975f3ac') in 0.006734 seconds 
========================================================================
Received Import Request.
  Time since last request: 1.597519 seconds.
  path: Packages/com.unity.2d.sprite/Tests/Editor
  artifactKey: Guid(dcc63292bf8cfd543b11bfdebe99cd02) Importer(815301076,1909f56bfc062723c751e8b465ee728b)
Start importing Packages/com.unity.2d.sprite/Tests/Editor using Guid(dcc63292bf8cfd543b11bfdebe99cd02) Importer(815301076,1909f56bfc062723c751e8b465ee728b)  -> (artifact id: '0de0d4e5d18f780fca3e9a3a18f81561') in 0.002001 seconds 
========================================================================
Received Import Request.
  Time since last request: 0.019663 seconds.
  path: Packages/com.unity.2d.sprite/Tests/Editor/Unity.2D.Sprite.Package.EditorTests.asmdef
  artifactKey: Guid(52648b72c7bef2040bf0cfa8dd0f74da) Importer(815301076,1909f56bfc062723c751e8b465ee728b)
Start importing Packages/com.unity.2d.sprite/Tests/Editor/Unity.2D.Sprite.Package.EditorTests.asmdef using Guid(52648b72c7bef2040bf0cfa8dd0f74da) Importer(815301076,1909f56bfc062723c751e8b465ee728b)  -> (artifact id: 'd0c61edb215181438afdd7dc74a6d066') in 0.005999 seconds 
========================================================================
Received Import Request.
  Time since last request: 1.498471 seconds.
  path: Packages/com.unity.2d.sprite
  artifactKey: Guid(0901a6b758d060e9422c4f8d588d5895) Importer(815301076,1909f56bfc062723c751e8b465ee728b)
Start importing Packages/com.unity.2d.sprite using Guid(0901a6b758d060e9422c4f8d588d5895) Importer(815301076,1909f56bfc062723c751e8b465ee728b)  -> (artifact id: '2214c561e54f21afc32773d6d2893b48') in 0.007225 seconds 
